2024-11-19 03:28:49,350 - INFO -        Nenhum dos vínculos esperados encontrado no currículo...
2024-11-19 03:28:49,678 - ERROR - Erro inesperado ao buscar: cannot access local variable 'intLTotReg' where it is not associated with a value
2024-11-19 03:28:52,813 - INFO -        Nenhum dos vínculos esperados encontrado no currículo...
2024-11-19 03:28:53,127 - ERROR - Erro inesperado ao buscar: cannot access local variable 'intLTotReg' where it is not associated with a value
2024-11-19 03:28:56,100 - INFO -        Nenhum dos vínculos esperados encontrado no currículo...
2024-11-19 03:28:56,412 - ERROR - Erro inesperado ao buscar: cannot access local variable 'intLTotReg' where it is not associated with a value
2024-11-19 03:28:59,746 - INFO -        Nenhum dos vínculos esperados encontrado no currículo...
2024-11-19 03:29:00,096 - ERROR - Erro inesperado ao buscar: cannot access local variable 'intLTotReg' where it is not associated with a value
2024-11-19 03:29:03,212 - INFO -        Nenhum dos vínculos esperados encontrado no currículo...
2024-11-19 03:29:03,548 - ERROR - Erro inesperado ao buscar: cannot access local variable 'intLTotReg' where it is not associated with a value
2024-11-19 03:29:06,515 - INFO -        Nenhum dos vínculos esperados encontrado no currículo...
2024-11-19 03:29:06,829 - ERROR - Erro inesperado ao buscar: cannot access local variable 'intLTotReg' where it is not associated with a value
2024-11-19 03:29:10,027 - INFO -        Nenhum dos vínculos esperados encontrado no currículo...
2024-11-19 03:29:10,371 - ERROR - Erro inesperado ao buscar: cannot access local variable 'intLTotReg' where it is not associated with a value
2024-11-19 03:35:00,325 - INFO -        Nenhum dos vínculos esperados encontrado no currículo...
2024-11-19 03:35:00,714 - ERROR - Erro inesperado ao buscar: cannot access local variable 'intLTotReg' where it is not associated with a value
2024-11-19 03:35:03,853 - INFO -        Nenhum dos vínculos esperados encontrado no currículo...
2024-11-19 03:35:04,151 - ERROR - Erro inesperado ao buscar: cannot access local variable 'intLTotReg' where it is not associated with a value
2024-11-19 03:35:07,201 - INFO -        Nenhum dos vínculos esperados encontrado no currículo...
2024-11-19 03:35:07,733 - ERROR - Erro inesperado ao buscar: cannot access local variable 'intLTotReg' where it is not associated with a value
2024-11-19 03:35:11,427 - INFO -        Nenhum dos vínculos esperados encontrado no currículo...
2024-11-19 03:35:11,997 - ERROR - Erro inesperado ao buscar: cannot access local variable 'intLTotReg' where it is not associated with a value
2024-11-19 03:35:21,251 - INFO -        Nenhum dos vínculos esperados encontrado no currículo...
2024-11-19 03:35:21,603 - ERROR - Erro inesperado ao buscar: cannot access local variable 'intLTotReg' where it is not associated with a value
2024-11-19 03:38:15,678 - INFO -        Nenhum dos vínculos esperados encontrado no currículo...
2024-11-19 03:38:15,992 - ERROR - Erro inesperado ao buscar: cannot access local variable 'intLTotReg' where it is not associated with a value
2024-11-19 03:46:04,742 - INFO -        Nenhum dos vínculos esperados encontrado no currículo...
2024-11-19 03:46:05,068 - ERROR - Erro inesperado ao buscar: cannot access local variable 'intLTotReg' where it is not associated with a value
2024-11-19 03:51:49,208 - INFO -        Nenhum dos vínculos esperados encontrado no currículo...
2024-11-19 03:51:49,523 - ERROR - Erro inesperado ao buscar: cannot access local variable 'intLTotReg' where it is not associated with a value
2024-11-19 03:52:06,027 - INFO -        Nenhum dos vínculos esperados encontrado no currículo...
2024-11-19 03:52:06,343 - ERROR - Erro inesperado ao buscar: cannot access local variable 'intLTotReg' where it is not associated with a value
2024-11-19 03:52:18,932 - INFO -        Nenhum dos vínculos esperados encontrado no currículo...
2024-11-19 03:52:19,251 - ERROR - Erro inesperado ao buscar: cannot access local variable 'intLTotReg' where it is not associated with a value
2024-11-19 03:52:22,085 - ERROR - Erro inesperado ao buscar: Message: no such window: target window already closed
from unknown error: web view not found
  (Session info: chrome=130.0.6723.91)
Stacktrace:
#0 0x63cab2e3b10a <unknown>
#1 0x63cab2b215e0 <unknown>
#2 0x63cab2af71af <unknown>
#3 0x63cab2b9e03d <unknown>
#4 0x63cab2bb4629 <unknown>
#5 0x63cab2b958c3 <unknown>
#6 0x63cab2b636b3 <unknown>
#7 0x63cab2b6468e <unknown>
#8 0x63cab2e05b0b <unknown>
#9 0x63cab2e09a91 <unknown>
#10 0x63cab2df2305 <unknown>
#11 0x63cab2e0a612 <unknown>
#12 0x63cab2dd746f <unknown>
#13 0x63cab2e2a008 <unknown>
#14 0x63cab2e2a1d3 <unknown>
#15 0x63cab2e39f5c <unknown>
#16 0x7fa407c9ca94 <unknown>
#17 0x7fa407d29c3c <unknown>

2024-11-19 03:52:22,097 - ERROR - Tentativa de extrair currículo de Roberto Wagner Junior Freire De Freitas em scrape_retry() falhou: Message:        Erro ao realizar a extração para Roberto Wagner Junior Freire De Freitas: Message: no such window: target window already closed
from unknown error: web view not found
  (Session info: chrome=130.0.6723.91)
Stacktrace:
#0 0x63cab2e3b10a <unknown>
#1 0x63cab2b215e0 <unknown>
#2 0x63cab2af71af <unknown>
#3 0x63cab2b9e03d <unknown>
#4 0x63cab2bb4629 <unknown>
#5 0x63cab2b958c3 <unknown>
#6 0x63cab2b636b3 <unknown>
#7 0x63cab2b6468e <unknown>
#8 0x63cab2e05b0b <unknown>
#9 0x63cab2e09a91 <unknown>
#10 0x63cab2df2305 <unknown>
#11 0x63cab2e0a612 <unknown>
#12 0x63cab2dd746f <unknown>
#13 0x63cab2e2a008 <unknown>
#14 0x63cab2e2a1d3 <unknown>
#15 0x63cab2e39f5c <unknown>
#16 0x7fa407c9ca94 <unknown>
#17 0x7fa407d29c3c <unknown>

. Tentando novamente...
2024-11-19 03:52:23,112 - ERROR - Tentativa de extrair currículo de Roberto Wagner Junior Freire De Freitas em scrape_retry() falhou: Message:        Erro ao realizar a extração para Roberto Wagner Junior Freire De Freitas: Message: no such window: target window already closed
from unknown error: web view not found
  (Session info: chrome=130.0.6723.91)
Stacktrace:
#0 0x63cab2e3b10a <unknown>
#1 0x63cab2b215e0 <unknown>
#2 0x63cab2af71af <unknown>
#3 0x63cab2b9e03d <unknown>
#4 0x63cab2bb4629 <unknown>
#5 0x63cab2b958c3 <unknown>
#6 0x63cab2b636b3 <unknown>
#7 0x63cab2b6468e <unknown>
#8 0x63cab2e05b0b <unknown>
#9 0x63cab2e09a91 <unknown>
#10 0x63cab2df2305 <unknown>
#11 0x63cab2e0a612 <unknown>
#12 0x63cab2dd746f <unknown>
#13 0x63cab2e2a008 <unknown>
#14 0x63cab2e2a1d3 <unknown>
#15 0x63cab2e39f5c <unknown>
#16 0x7fa407c9ca94 <unknown>
#17 0x7fa407d29c3c <unknown>

. Tentando novamente...
2024-11-19 03:52:24,128 - ERROR - Tentativa de extrair currículo de Roberto Wagner Junior Freire De Freitas em scrape_retry() falhou: Message:        Erro ao realizar a extração para Roberto Wagner Junior Freire De Freitas: Message: no such window: target window already closed
from unknown error: web view not found
  (Session info: chrome=130.0.6723.91)
Stacktrace:
#0 0x63cab2e3b10a <unknown>
#1 0x63cab2b215e0 <unknown>
#2 0x63cab2af71af <unknown>
#3 0x63cab2b9e03d <unknown>
#4 0x63cab2bb4629 <unknown>
#5 0x63cab2b958c3 <unknown>
#6 0x63cab2b636b3 <unknown>
#7 0x63cab2b6468e <unknown>
#8 0x63cab2e05b0b <unknown>
#9 0x63cab2e09a91 <unknown>
#10 0x63cab2df2305 <unknown>
#11 0x63cab2e0a612 <unknown>
#12 0x63cab2dd746f <unknown>
#13 0x63cab2e2a008 <unknown>
#14 0x63cab2e2a1d3 <unknown>
#15 0x63cab2e39f5c <unknown>
#16 0x7fa407c9ca94 <unknown>
#17 0x7fa407d29c3c <unknown>

. Tentando novamente...
2024-11-19 03:52:32,845 - INFO -        Nenhum dos vínculos esperados encontrado no currículo...
2024-11-19 03:52:33,200 - ERROR - Erro inesperado ao buscar: cannot access local variable 'intLTotReg' where it is not associated with a value
2024-11-19 03:52:44,509 - INFO -        Nenhum dos vínculos esperados encontrado no currículo...
2024-11-19 03:52:44,834 - ERROR - Erro inesperado ao buscar: cannot access local variable 'intLTotReg' where it is not associated with a value
2024-11-19 03:52:55,349 - INFO -        Nenhum dos vínculos esperados encontrado no currículo...
2024-11-19 03:52:55,679 - ERROR - Erro inesperado ao buscar: cannot access local variable 'intLTotReg' where it is not associated with a value
2024-11-19 03:53:27,998 - INFO -        Nenhum dos vínculos esperados encontrado no currículo...
2024-11-19 03:53:28,305 - ERROR - Erro inesperado ao buscar: cannot access local variable 'intLTotReg' where it is not associated with a value
2024-11-19 03:53:31,608 - INFO -        Nenhum dos vínculos esperados encontrado no currículo...
2024-11-19 03:53:31,954 - ERROR - Erro inesperado ao buscar: cannot access local variable 'intLTotReg' where it is not associated with a value
2024-11-19 03:53:35,211 - INFO -        Nenhum dos vínculos esperados encontrado no currículo...
2024-11-19 03:53:35,561 - ERROR - Erro inesperado ao buscar: cannot access local variable 'intLTotReg' where it is not associated with a value
2024-11-19 03:53:38,628 - INFO -        Nenhum dos vínculos esperados encontrado no currículo...
2024-11-19 03:53:38,938 - ERROR - Erro inesperado ao buscar: cannot access local variable 'intLTotReg' where it is not associated with a value
2024-11-19 03:53:41,826 - INFO -        Nenhum dos vínculos esperados encontrado no currículo...
2024-11-19 03:53:42,171 - ERROR - Erro inesperado ao buscar: cannot access local variable 'intLTotReg' where it is not associated with a value
2024-11-19 03:53:45,096 - INFO -        Nenhum dos vínculos esperados encontrado no currículo...
2024-11-19 03:53:45,406 - ERROR - Erro inesperado ao buscar: cannot access local variable 'intLTotReg' where it is not associated with a value
2024-11-19 03:54:08,280 - INFO -        Nenhum dos vínculos esperados encontrado no currículo...
2024-11-19 03:54:08,671 - ERROR - Erro inesperado ao buscar: cannot access local variable 'intLTotReg' where it is not associated with a value
2024-11-19 03:54:21,165 - INFO -        Nenhum dos vínculos esperados encontrado no currículo...
2024-11-19 03:54:21,484 - ERROR - Erro inesperado ao buscar: cannot access local variable 'intLTotReg' where it is not associated with a value
2024-11-19 03:54:23,041 - ERROR - Erro inesperado ao buscar: Message: no such window: target window already closed
from unknown error: web view not found
  (Session info: chrome=130.0.6723.91)
Stacktrace:
#0 0x64b77d65710a <unknown>
#1 0x64b77d33d5e0 <unknown>
#2 0x64b77d3131af <unknown>
#3 0x64b77d3ba03d <unknown>
#4 0x64b77d3d0629 <unknown>
#5 0x64b77d3b18c3 <unknown>
#6 0x64b77d37f6b3 <unknown>
#7 0x64b77d38068e <unknown>
#8 0x64b77d621b0b <unknown>
#9 0x64b77d625a91 <unknown>
#10 0x64b77d60e305 <unknown>
#11 0x64b77d626612 <unknown>
#12 0x64b77d5f346f <unknown>
#13 0x64b77d646008 <unknown>
#14 0x64b77d6461d3 <unknown>
#15 0x64b77d655f5c <unknown>
#16 0x7a6849a9ca94 <unknown>
#17 0x7a6849b29c3c <unknown>

2024-11-19 03:54:23,052 - ERROR - Tentativa de extrair currículo de Roberto Wagner Junior Freire De Freitas em scrape_retry() falhou: Message:        Erro ao realizar a extração para Roberto Wagner Junior Freire De Freitas: Message: no such window: target window already closed
from unknown error: web view not found
  (Session info: chrome=130.0.6723.91)
Stacktrace:
#0 0x64b77d65710a <unknown>
#1 0x64b77d33d5e0 <unknown>
#2 0x64b77d3131af <unknown>
#3 0x64b77d3ba03d <unknown>
#4 0x64b77d3d0629 <unknown>
#5 0x64b77d3b18c3 <unknown>
#6 0x64b77d37f6b3 <unknown>
#7 0x64b77d38068e <unknown>
#8 0x64b77d621b0b <unknown>
#9 0x64b77d625a91 <unknown>
#10 0x64b77d60e305 <unknown>
#11 0x64b77d626612 <unknown>
#12 0x64b77d5f346f <unknown>
#13 0x64b77d646008 <unknown>
#14 0x64b77d6461d3 <unknown>
#15 0x64b77d655f5c <unknown>
#16 0x7a6849a9ca94 <unknown>
#17 0x7a6849b29c3c <unknown>

. Tentando novamente...
2024-11-19 03:54:24,067 - ERROR - Tentativa de extrair currículo de Roberto Wagner Junior Freire De Freitas em scrape_retry() falhou: Message:        Erro ao realizar a extração para Roberto Wagner Junior Freire De Freitas: Message: no such window: target window already closed
from unknown error: web view not found
  (Session info: chrome=130.0.6723.91)
Stacktrace:
#0 0x64b77d65710a <unknown>
#1 0x64b77d33d5e0 <unknown>
#2 0x64b77d3131af <unknown>
#3 0x64b77d3ba03d <unknown>
#4 0x64b77d3d0629 <unknown>
#5 0x64b77d3b18c3 <unknown>
#6 0x64b77d37f6b3 <unknown>
#7 0x64b77d38068e <unknown>
#8 0x64b77d621b0b <unknown>
#9 0x64b77d625a91 <unknown>
#10 0x64b77d60e305 <unknown>
#11 0x64b77d626612 <unknown>
#12 0x64b77d5f346f <unknown>
#13 0x64b77d646008 <unknown>
#14 0x64b77d6461d3 <unknown>
#15 0x64b77d655f5c <unknown>
#16 0x7a6849a9ca94 <unknown>
#17 0x7a6849b29c3c <unknown>

. Tentando novamente...
2024-11-19 03:54:32,539 - INFO -        Nenhum dos vínculos esperados encontrado no currículo...
2024-11-19 03:54:32,901 - ERROR - Erro inesperado ao buscar: cannot access local variable 'intLTotReg' where it is not associated with a value
2024-11-19 03:54:35,848 - INFO -        Nenhum dos vínculos esperados encontrado no currículo...
2024-11-19 03:54:35,856 - ERROR - Erro inesperado ao buscar: Message: no such window: target window already closed
from unknown error: web view not found
  (Session info: chrome=130.0.6723.91)
Stacktrace:
#0 0x5a14f152610a <unknown>
#1 0x5a14f120c5e0 <unknown>
#2 0x5a14f11e21af <unknown>
#3 0x5a14f128903d <unknown>
#4 0x5a14f129f629 <unknown>
#5 0x5a14f12808c3 <unknown>
#6 0x5a14f124e6b3 <unknown>
#7 0x5a14f124f68e <unknown>
#8 0x5a14f14f0b0b <unknown>
#9 0x5a14f14f4a91 <unknown>
#10 0x5a14f14dd305 <unknown>
#11 0x5a14f14f5612 <unknown>
#12 0x5a14f14c246f <unknown>
#13 0x5a14f1515008 <unknown>
#14 0x5a14f15151d3 <unknown>
#15 0x5a14f1524f5c <unknown>
#16 0x793997a9ca94 <unknown>
#17 0x793997b29c3c <unknown>

2024-11-19 03:54:35,867 - ERROR - Tentativa de extrair currículo de Roberto Wagner Junior Freire De Freitas em scrape_retry() falhou: Message:        Erro ao realizar a extração para Roberto Wagner Junior Freire De Freitas: Message: no such window: target window already closed
from unknown error: web view not found
  (Session info: chrome=130.0.6723.91)
Stacktrace:
#0 0x5a14f152610a <unknown>
#1 0x5a14f120c5e0 <unknown>
#2 0x5a14f11e21af <unknown>
#3 0x5a14f128903d <unknown>
#4 0x5a14f129f629 <unknown>
#5 0x5a14f12808c3 <unknown>
#6 0x5a14f124e6b3 <unknown>
#7 0x5a14f124f68e <unknown>
#8 0x5a14f14f0b0b <unknown>
#9 0x5a14f14f4a91 <unknown>
#10 0x5a14f14dd305 <unknown>
#11 0x5a14f14f5612 <unknown>
#12 0x5a14f14c246f <unknown>
#13 0x5a14f1515008 <unknown>
#14 0x5a14f15151d3 <unknown>
#15 0x5a14f1524f5c <unknown>
#16 0x793997a9ca94 <unknown>
#17 0x793997b29c3c <unknown>

. Tentando novamente...
2024-11-19 03:54:36,882 - ERROR - Tentativa de extrair currículo de Roberto Wagner Junior Freire De Freitas em scrape_retry() falhou: Message:        Erro ao realizar a extração para Roberto Wagner Junior Freire De Freitas: Message: no such window: target window already closed
from unknown error: web view not found
  (Session info: chrome=130.0.6723.91)
Stacktrace:
#0 0x5a14f152610a <unknown>
#1 0x5a14f120c5e0 <unknown>
#2 0x5a14f11e21af <unknown>
#3 0x5a14f128903d <unknown>
#4 0x5a14f129f629 <unknown>
#5 0x5a14f12808c3 <unknown>
#6 0x5a14f124e6b3 <unknown>
#7 0x5a14f124f68e <unknown>
#8 0x5a14f14f0b0b <unknown>
#9 0x5a14f14f4a91 <unknown>
#10 0x5a14f14dd305 <unknown>
#11 0x5a14f14f5612 <unknown>
#12 0x5a14f14c246f <unknown>
#13 0x5a14f1515008 <unknown>
#14 0x5a14f15151d3 <unknown>
#15 0x5a14f1524f5c <unknown>
#16 0x793997a9ca94 <unknown>
#17 0x793997b29c3c <unknown>

. Tentando novamente...
2024-11-19 03:54:45,595 - INFO -        Nenhum dos vínculos esperados encontrado no currículo...
2024-11-19 03:54:45,911 - ERROR - Erro inesperado ao buscar: cannot access local variable 'intLTotReg' where it is not associated with a value
2024-11-19 03:54:57,384 - INFO -        Nenhum dos vínculos esperados encontrado no currículo...
2024-11-19 03:54:57,757 - ERROR - Erro inesperado ao buscar: cannot access local variable 'intLTotReg' where it is not associated with a value
2024-11-19 03:55:09,930 - INFO -        Nenhum dos vínculos esperados encontrado no currículo...
2024-11-19 03:55:10,249 - ERROR - Erro inesperado ao buscar: cannot access local variable 'intLTotReg' where it is not associated with a value
2024-11-19 03:55:23,102 - INFO -        Nenhum dos vínculos esperados encontrado no currículo...
2024-11-19 03:55:23,415 - ERROR - Erro inesperado ao buscar: cannot access local variable 'intLTotReg' where it is not associated with a value
2024-11-19 03:55:53,298 - INFO -        Nenhum dos vínculos esperados encontrado no currículo...
2024-11-19 03:55:53,649 - ERROR - Erro inesperado ao buscar: cannot access local variable 'intLTotReg' where it is not associated with a value
2024-11-19 03:56:08,413 - INFO -        Nenhum dos vínculos esperados encontrado no currículo...
2024-11-19 03:56:08,737 - ERROR - Erro inesperado ao buscar: cannot access local variable 'intLTotReg' where it is not associated with a value
2024-11-19 03:57:01,875 - INFO -        Nenhum dos vínculos esperados encontrado no currículo...
2024-11-19 03:57:02,198 - ERROR - Erro inesperado ao buscar: cannot access local variable 'intLTotReg' where it is not associated with a value
2024-11-19 03:57:38,405 - INFO -        Nenhum dos vínculos esperados encontrado no currículo...
2024-11-19 03:57:38,717 - ERROR - Erro inesperado ao buscar: cannot access local variable 'intLTotReg' where it is not associated with a value
2024-11-19 03:57:41,879 - INFO -        Nenhum dos vínculos esperados encontrado no currículo...
2024-11-19 03:57:41,886 - ERROR - Erro inesperado ao buscar: Message: no such window: target window already closed
from unknown error: web view not found
  (Session info: chrome=130.0.6723.91)
Stacktrace:
#0 0x62b6c164110a <unknown>
#1 0x62b6c13275e0 <unknown>
#2 0x62b6c12fd1af <unknown>
#3 0x62b6c13a403d <unknown>
#4 0x62b6c13ba629 <unknown>
#5 0x62b6c139b8c3 <unknown>
#6 0x62b6c13696b3 <unknown>
#7 0x62b6c136a68e <unknown>
#8 0x62b6c160bb0b <unknown>
#9 0x62b6c160fa91 <unknown>
#10 0x62b6c15f8305 <unknown>
#11 0x62b6c1610612 <unknown>
#12 0x62b6c15dd46f <unknown>
#13 0x62b6c1630008 <unknown>
#14 0x62b6c16301d3 <unknown>
#15 0x62b6c163ff5c <unknown>
#16 0x7ccebbe9ca94 <unknown>
#17 0x7ccebbf29c3c <unknown>

2024-11-19 03:57:41,899 - ERROR - Tentativa de extrair currículo de Roberto Wagner Junior Freire De Freitas em scrape_retry() falhou: Message:        Erro ao realizar a extração para Roberto Wagner Junior Freire De Freitas: Message: no such window: target window already closed
from unknown error: web view not found
  (Session info: chrome=130.0.6723.91)
Stacktrace:
#0 0x62b6c164110a <unknown>
#1 0x62b6c13275e0 <unknown>
#2 0x62b6c12fd1af <unknown>
#3 0x62b6c13a403d <unknown>
#4 0x62b6c13ba629 <unknown>
#5 0x62b6c139b8c3 <unknown>
#6 0x62b6c13696b3 <unknown>
#7 0x62b6c136a68e <unknown>
#8 0x62b6c160bb0b <unknown>
#9 0x62b6c160fa91 <unknown>
#10 0x62b6c15f8305 <unknown>
#11 0x62b6c1610612 <unknown>
#12 0x62b6c15dd46f <unknown>
#13 0x62b6c1630008 <unknown>
#14 0x62b6c16301d3 <unknown>
#15 0x62b6c163ff5c <unknown>
#16 0x7ccebbe9ca94 <unknown>
#17 0x7ccebbf29c3c <unknown>

. Tentando novamente...
2024-11-19 03:57:42,913 - ERROR - Tentativa de extrair currículo de Roberto Wagner Junior Freire De Freitas em scrape_retry() falhou: Message:        Erro ao realizar a extração para Roberto Wagner Junior Freire De Freitas: Message: no such window: target window already closed
from unknown error: web view not found
  (Session info: chrome=130.0.6723.91)
Stacktrace:
#0 0x62b6c164110a <unknown>
#1 0x62b6c13275e0 <unknown>
#2 0x62b6c12fd1af <unknown>
#3 0x62b6c13a403d <unknown>
#4 0x62b6c13ba629 <unknown>
#5 0x62b6c139b8c3 <unknown>
#6 0x62b6c13696b3 <unknown>
#7 0x62b6c136a68e <unknown>
#8 0x62b6c160bb0b <unknown>
#9 0x62b6c160fa91 <unknown>
#10 0x62b6c15f8305 <unknown>
#11 0x62b6c1610612 <unknown>
#12 0x62b6c15dd46f <unknown>
#13 0x62b6c1630008 <unknown>
#14 0x62b6c16301d3 <unknown>
#15 0x62b6c163ff5c <unknown>
#16 0x7ccebbe9ca94 <unknown>
#17 0x7ccebbf29c3c <unknown>

. Tentando novamente...
2024-11-19 03:57:50,817 - INFO -        Nenhum dos vínculos esperados encontrado no currículo...
2024-11-19 03:57:51,189 - ERROR - Erro inesperado ao buscar: cannot access local variable 'intLTotReg' where it is not associated with a value
2024-11-19 03:57:54,463 - INFO -        Nenhum dos vínculos esperados encontrado no currículo...
2024-11-19 03:57:54,470 - ERROR - Erro inesperado ao buscar: Message: no such window: target window already closed
from unknown error: web view not found
  (Session info: chrome=130.0.6723.91)
Stacktrace:
#0 0x5cc9729ac10a <unknown>
#1 0x5cc9726925e0 <unknown>
#2 0x5cc9726681af <unknown>
#3 0x5cc97270f03d <unknown>
#4 0x5cc972725629 <unknown>
#5 0x5cc9727068c3 <unknown>
#6 0x5cc9726d46b3 <unknown>
#7 0x5cc9726d568e <unknown>
#8 0x5cc972976b0b <unknown>
#9 0x5cc97297aa91 <unknown>
#10 0x5cc972963305 <unknown>
#11 0x5cc97297b612 <unknown>
#12 0x5cc97294846f <unknown>
#13 0x5cc97299b008 <unknown>
#14 0x5cc97299b1d3 <unknown>
#15 0x5cc9729aaf5c <unknown>
#16 0x7a365b89ca94 <unknown>
#17 0x7a365b929c3c <unknown>

2024-11-19 03:57:54,481 - ERROR - Tentativa de extrair currículo de Roberto Wagner Junior Freire De Freitas em scrape_retry() falhou: Message:        Erro ao realizar a extração para Roberto Wagner Junior Freire De Freitas: Message: no such window: target window already closed
from unknown error: web view not found
  (Session info: chrome=130.0.6723.91)
Stacktrace:
#0 0x5cc9729ac10a <unknown>
#1 0x5cc9726925e0 <unknown>
#2 0x5cc9726681af <unknown>
#3 0x5cc97270f03d <unknown>
#4 0x5cc972725629 <unknown>
#5 0x5cc9727068c3 <unknown>
#6 0x5cc9726d46b3 <unknown>
#7 0x5cc9726d568e <unknown>
#8 0x5cc972976b0b <unknown>
#9 0x5cc97297aa91 <unknown>
#10 0x5cc972963305 <unknown>
#11 0x5cc97297b612 <unknown>
#12 0x5cc97294846f <unknown>
#13 0x5cc97299b008 <unknown>
#14 0x5cc97299b1d3 <unknown>
#15 0x5cc9729aaf5c <unknown>
#16 0x7a365b89ca94 <unknown>
#17 0x7a365b929c3c <unknown>

. Tentando novamente...
2024-11-19 04:00:42,068 - INFO -        Nenhum dos vínculos esperados encontrado no currículo...
2024-11-19 04:00:42,374 - ERROR - Erro inesperado ao buscar: cannot access local variable 'intLTotReg' where it is not associated with a value
2024-11-19 04:01:11,696 - INFO -        Nenhum dos vínculos esperados encontrado no currículo...
2024-11-19 04:01:12,022 - ERROR - Erro inesperado ao buscar: cannot access local variable 'intLTotReg' where it is not associated with a value
2024-11-19 04:06:17,488 - INFO -        Nenhum dos vínculos esperados encontrado no currículo...
2024-11-19 04:06:17,810 - ERROR - Erro inesperado ao buscar: cannot access local variable 'intLTotReg' where it is not associated with a value
2024-11-19 04:06:27,404 - INFO -        Nenhum dos vínculos esperados encontrado no currículo...
2024-11-19 04:06:27,794 - ERROR - Erro inesperado ao buscar: cannot access local variable 'intLTotReg' where it is not associated with a value
2024-11-19 04:06:36,490 - INFO -        Nenhum dos vínculos esperados encontrado no currículo...
2024-11-19 04:06:36,905 - ERROR - Erro inesperado ao buscar: cannot access local variable 'intLTotReg' where it is not associated with a value
2024-11-19 04:06:45,231 - INFO -        Nenhum dos vínculos esperados encontrado no currículo...
2024-11-19 04:06:45,648 - ERROR - Erro inesperado ao buscar: cannot access local variable 'intLTotReg' where it is not associated with a value
2024-11-19 04:07:07,241 - INFO -        Nenhum dos vínculos esperados encontrado no currículo...
2024-11-19 04:07:07,553 - ERROR - Erro inesperado ao buscar: cannot access local variable 'intLTotReg' where it is not associated with a value
2024-11-19 04:07:19,148 - INFO -        Nenhum dos vínculos esperados encontrado no currículo...
2024-11-19 04:07:19,515 - ERROR - Erro inesperado ao buscar: cannot access local variable 'intLTotReg' where it is not associated with a value
2024-11-19 04:07:30,826 - INFO -        Nenhum dos vínculos esperados encontrado no currículo...
2024-11-19 04:07:31,197 - ERROR - Erro inesperado ao buscar: cannot access local variable 'intLTotReg' where it is not associated with a value
2024-11-19 04:07:42,133 - INFO -        Nenhum dos vínculos esperados encontrado no currículo...
2024-11-19 04:07:42,498 - ERROR - Erro inesperado ao buscar: cannot access local variable 'intLTotReg' where it is not associated with a value
2024-11-19 04:07:51,228 - INFO -        Nenhum dos vínculos esperados encontrado no currículo...
2024-11-19 04:07:51,550 - ERROR - Erro inesperado ao buscar: cannot access local variable 'intLTotReg' where it is not associated with a value
2024-11-19 04:07:59,217 - INFO -        Nenhum dos vínculos esperados encontrado no currículo...
2024-11-19 04:07:59,535 - ERROR - Erro inesperado ao buscar: cannot access local variable 'intLTotReg' where it is not associated with a value
