2024-06-12 05:29:52,539 - INFO - GPU disponível. Informações:
2024-06-12 05:29:52,541 - INFO - NVIDIA GeForce RTX 2060
2024-06-12 05:29:52,541 - INFO - Memória total: 6143.69 MB
2024-06-12 05:29:52,542 - INFO - Use pytorch device_name: cuda
2024-06-12 05:29:52,542 - INFO - Load pretrained SentenceTransformer: paraphrase-distilroberta-base-v2
2024-06-12 05:29:54,904 - INFO - Memória da GPU limpa.
2024-06-12 05:29:54,905 - INFO - Use pytorch device_name: cuda
2024-06-12 05:29:54,905 - INFO - Load pretrained SentenceTransformer: paraphrase-distilroberta-base-v2
2024-06-12 05:29:59,249 - ERROR - Erro ao calcular a similaridade entre embeddings: CUDA error: misaligned address
CUDA kernel errors might be asynchronously reported at some other API call, so the stacktrace below might be incorrect.
For debugging consider passing CUDA_LAUNCH_BLOCKING=1.
Compile with `TORCH_USE_CUDA_DSA` to enable device-side assertions.

2024-06-12 05:32:11,245 - INFO - GPU disponível. Informações:
2024-06-12 05:32:11,248 - INFO - NVIDIA GeForce RTX 2060
2024-06-12 05:32:11,248 - INFO - Memória total: 6143.69 MB
2024-06-12 05:32:11,249 - INFO - Use pytorch device_name: cuda
2024-06-12 05:32:11,249 - INFO - Load pretrained SentenceTransformer: paraphrase-distilroberta-base-v2
2024-06-12 05:32:13,741 - INFO - Memória da GPU limpa.
2024-06-12 05:32:13,743 - INFO - Use pytorch device_name: cuda
2024-06-12 05:32:13,743 - INFO - Load pretrained SentenceTransformer: paraphrase-distilroberta-base-v2
2024-06-12 05:32:17,924 - ERROR - Erro ao calcular a similaridade entre embeddings: CUDA error: an illegal memory access was encountered
CUDA kernel errors might be asynchronously reported at some other API call, so the stacktrace below might be incorrect.
For debugging consider passing CUDA_LAUNCH_BLOCKING=1.
Compile with `TORCH_USE_CUDA_DSA` to enable device-side assertions.

