
2024-08-16 14:00:35,360 - ERROR - Erro ao tentar fazer login: Expecting property name enclosed in double quotes
2024-08-16 14:05:41,986 - ERROR - Erro ao tentar fazer login: Expecting property name enclosed in double quotes
2024-08-16 14:12:46,629 - ERROR -   Erro após clicar no login: Expecting property name enclosed in double quotes
2024-08-28 08:55:04,211 - ERROR -   Erro após clicar no login: Message: 
Stacktrace:
	GetHandleVerifier [0x00007FF63CAB9632+30946]
	(No symbol) [0x00007FF63CA6E3C9]
	(No symbol) [0x00007FF63C966FDA]
	(No symbol) [0x00007FF63C9B822C]
	(No symbol) [0x00007FF63C9B850C]
	(No symbol) [0x00007FF63C9FDCB7]
	(No symbol) [0x00007FF63C9DCAAF]
	(No symbol) [0x00007FF63C9FB041]
	(No symbol) [0x00007FF63C9DC813]
	(No symbol) [0x00007FF63C9AA6E5]
	(No symbol) [0x00007FF63C9AB021]
	GetHandleVerifier [0x00007FF63CBEF83D+1301229]
	GetHandleVerifier [0x00007FF63CBFBDB7+1351783]
	GetHandleVerifier [0x00007FF63CBF2A03+1313971]
	GetHandleVerifier [0x00007FF63CAEDD06+245686]
	(No symbol) [0x00007FF63CA7758F]
	(No symbol) [0x00007FF63CA73804]
	(No symbol) [0x00007FF63CA73992]
	(No symbol) [0x00007FF63CA6A3EF]
	BaseThreadInitThunk [0x00007FF98A6C257D+29]
	RtlUserThreadStart [0x00007FF98B8CAF28+40]

2024-08-28 08:55:55,926 - ERROR -   Erro após clicar no login: Message: 
Stacktrace:
	GetHandleVerifier [0x00007FF63CAB9632+30946]
	(No symbol) [0x00007FF63CA6E3C9]
	(No symbol) [0x00007FF63C966FDA]
	(No symbol) [0x00007FF63C9B822C]
	(No symbol) [0x00007FF63C9B850C]
	(No symbol) [0x00007FF63C9FDCB7]
	(No symbol) [0x00007FF63C9DCAAF]
	(No symbol) [0x00007FF63C9FB041]
	(No symbol) [0x00007FF63C9DC813]
	(No symbol) [0x00007FF63C9AA6E5]
	(No symbol) [0x00007FF63C9AB021]
	GetHandleVerifier [0x00007FF63CBEF83D+1301229]
	GetHandleVerifier [0x00007FF63CBFBDB7+1351783]
	GetHandleVerifier [0x00007FF63CBF2A03+1313971]
	GetHandleVerifier [0x00007FF63CAEDD06+245686]
	(No symbol) [0x00007FF63CA7758F]
	(No symbol) [0x00007FF63CA73804]
	(No symbol) [0x00007FF63CA73992]
	(No symbol) [0x00007FF63CA6A3EF]
	BaseThreadInitThunk [0x00007FF98A6C257D+29]
	RtlUserThreadStart [0x00007FF98B8CAF28+40]

2024-08-28 09:00:41,459 - ERROR -   Erro após clicar no login: Message: timeout: Timed out receiving message from renderer: 4.737
  (Session info: chrome=127.0.6533.120)
Stacktrace:
	GetHandleVerifier [0x00007FF63CAB9632+30946]
	(No symbol) [0x00007FF63CA6E3C9]
	(No symbol) [0x00007FF63C966FDA]
	(No symbol) [0x00007FF63C94FF7D]
	(No symbol) [0x00007FF63C94FC80]
	(No symbol) [0x00007FF63C94DE84]
	(No symbol) [0x00007FF63C94E46F]
	(No symbol) [0x00007FF63C95CC6E]
	(No symbol) [0x00007FF63C9750FF]
	(No symbol) [0x00007FF63C97AB7A]
	(No symbol) [0x00007FF63C94EBBA]
	(No symbol) [0x00007FF63C974F4A]
	(No symbol) [0x00007FF63C9FB39B]
	(No symbol) [0x00007FF63C9DC813]
	(No symbol) [0x00007FF63C9AA6E5]
	(No symbol) [0x00007FF63C9AB021]
	GetHandleVerifier [0x00007FF63CBEF83D+1301229]
	GetHandleVerifier [0x00007FF63CBFBDB7+1351783]
	GetHandleVerifier [0x00007FF63CBF2A03+1313971]
	GetHandleVerifier [0x00007FF63CAEDD06+245686]
	(No symbol) [0x00007FF63CA7758F]
	(No symbol) [0x00007FF63CA73804]
	(No symbol) [0x00007FF63CA73992]
	(No symbol) [0x00007FF63CA6A3EF]
	BaseThreadInitThunk [0x00007FF98A6C257D+29]
	RtlUserThreadStart [0x00007FF98B8CAF28+40]

2024-08-28 09:06:34,094 - ERROR -   Erro após clicar no login: Message: 
Stacktrace:
	GetHandleVerifier [0x00007FF63CAB9632+30946]
	(No symbol) [0x00007FF63CA6E3C9]
	(No symbol) [0x00007FF63C966FDA]
	(No symbol) [0x00007FF63C9B822C]
	(No symbol) [0x00007FF63C9B850C]
	(No symbol) [0x00007FF63C9FDCB7]
	(No symbol) [0x00007FF63C9DCAAF]
	(No symbol) [0x00007FF63C9FB041]
	(No symbol) [0x00007FF63C9DC813]
	(No symbol) [0x00007FF63C9AA6E5]
	(No symbol) [0x00007FF63C9AB021]
	GetHandleVerifier [0x00007FF63CBEF83D+1301229]
	GetHandleVerifier [0x00007FF63CBFBDB7+1351783]
	GetHandleVerifier [0x00007FF63CBF2A03+1313971]
	GetHandleVerifier [0x00007FF63CAEDD06+245686]
	(No symbol) [0x00007FF63CA7758F]
	(No symbol) [0x00007FF63CA73804]
	(No symbol) [0x00007FF63CA73992]
	(No symbol) [0x00007FF63CA6A3EF]
	BaseThreadInitThunk [0x00007FF98A6C257D+29]
	RtlUserThreadStart [0x00007FF98B8CAF28+40]

2024-08-28 09:15:24,750 - ERROR -   Erro após clicar no login: Message: no such element: Unable to locate element: {"method":"css selector","selector":".alert alert-danger"}
  (Session info: chrome=127.0.6533.120)
Stacktrace:
	GetHandleVerifier [0x00007FF63CAB9632+30946]
	(No symbol) [0x00007FF63CA6E3C9]
	(No symbol) [0x00007FF63C966FDA]
	(No symbol) [0x00007FF63C9B822C]
	(No symbol) [0x00007FF63C9B850C]
	(No symbol) [0x00007FF63C9FDCB7]
	(No symbol) [0x00007FF63C9DCAAF]
	(No symbol) [0x00007FF63C9FB041]
	(No symbol) [0x00007FF63C9DC813]
	(No symbol) [0x00007FF63C9AA6E5]
	(No symbol) [0x00007FF63C9AB021]
	GetHandleVerifier [0x00007FF63CBEF83D+1301229]
	GetHandleVerifier [0x00007FF63CBFBDB7+1351783]
	GetHandleVerifier [0x00007FF63CBF2A03+1313971]
	GetHandleVerifier [0x00007FF63CAEDD06+245686]
	(No symbol) [0x00007FF63CA7758F]
	(No symbol) [0x00007FF63CA73804]
	(No symbol) [0x00007FF63CA73992]
	(No symbol) [0x00007FF63CA6A3EF]
	BaseThreadInitThunk [0x00007FF98A6C257D+29]
	RtlUserThreadStart [0x00007FF98B8CAF28+40]

2024-08-28 09:19:13,389 - ERROR -   Erro após clicar no login: find_element() got an unexpected keyword argument 'class_'
2024-08-28 09:23:04,582 - ERROR -   Erro após clicar no login: Message: invalid argument: 'using' must be a string
  (Session info: chrome=127.0.6533.120)
Stacktrace:
	GetHandleVerifier [0x00007FF63CAB9632+30946]
	(No symbol) [0x00007FF63CA6E3C9]
	(No symbol) [0x00007FF63C966FDA]
	(No symbol) [0x00007FF63C9B79D3]
	(No symbol) [0x00007FF63C9B850C]
	(No symbol) [0x00007FF63C9FDCB7]
	(No symbol) [0x00007FF63C9DCAAF]
	(No symbol) [0x00007FF63C9FB041]
	(No symbol) [0x00007FF63C9DC813]
	(No symbol) [0x00007FF63C9AA6E5]
	(No symbol) [0x00007FF63C9AB021]
	GetHandleVerifier [0x00007FF63CBEF83D+1301229]
	GetHandleVerifier [0x00007FF63CBFBDB7+1351783]
	GetHandleVerifier [0x00007FF63CBF2A03+1313971]
	GetHandleVerifier [0x00007FF63CAEDD06+245686]
	(No symbol) [0x00007FF63CA7758F]
	(No symbol) [0x00007FF63CA73804]
	(No symbol) [0x00007FF63CA73992]
	(No symbol) [0x00007FF63CA6A3EF]
	BaseThreadInitThunk [0x00007FF98A6C257D+29]
	RtlUserThreadStart [0x00007FF98B8CAF28+40]

